[2025-06-23T08:25:12.795Z] POST /shorten
[2025-06-23T08:27:00.019Z] POST /shorten
[2025-06-23T08:27:26.604Z] POST /shorten
[2025-06-23T08:27:51.129Z] POST /shorten
[2025-06-23T08:28:49.446Z] POST /shorten
[2025-06-23T08:30:23.879Z] GET /stats
[2025-06-23T08:30:30.502Z] GET /stats
[2025-06-23T08:31:41.728Z] POST /shorten
[2025-06-23T08:32:07.052Z] GET /stats
[2025-06-23T08:37:16.911Z] GET /stats
[2025-06-23T08:37:20.793Z] POST /shorten
[2025-06-23T08:37:53.032Z] GET /stats
[2025-06-23T08:38:09.756Z] POST /shorten
[2025-06-23T08:38:30.052Z] GET /stats
[2025-06-23T08:39:22.256Z] GET /stats
[2025-06-23T08:39:23.159Z] GET /stats
[2025-06-23T08:39:25.753Z] POST /shorten
[2025-06-23T08:39:28.971Z] GET /stats
[2025-06-23T08:39:47.301Z] GET /stats
[2025-06-23T08:39:47.977Z] GET /stats
[2025-06-23T08:39:48.664Z] GET /stats
[2025-06-23T08:42:17.364Z] POST /shorten
[2025-06-23T08:42:19.862Z] GET /stats
[2025-06-23T08:43:20.948Z] POST /shorten
[2025-06-23T08:43:37.001Z] POST /shorten
[2025-06-23T08:44:19.513Z] POST /shorten
[2025-06-23T08:44:53.717Z] POST /shorten
[2025-06-23T08:45:17.097Z] GET /stats
[2025-06-23T09:15:19.819Z] POST /shorten
[2025-06-23T09:15:54.085Z] GET /stats
[2025-06-23T09:16:01.148Z] GET /code%20for%20affordmed
[2025-06-23T09:16:02.640Z] GET /mygithub
[2025-06-23T09:16:03.423Z] GET /leetcode
[2025-06-23T09:16:05.362Z] GET /leetcode
[2025-06-23T09:16:16.784Z] GET /stats
